0 verbose cli /usr/bin/node-22 /usr/bin/npm
1 info using npm@10.9.4
2 info using node@v22.22.0
3 silly config load:file:/usr/lib/node_modules_22/npm/npmrc
4 silly config load:file:/root/.npmrc
5 silly config load:file:/etc/npmrc
6 verbose title npm install
7 verbose argv "install"
8 verbose logfile logs-max:10 dir:/root/.npm/_logs/2026-02-10T15_08_11_376Z-
9 verbose logfile /root/.npm/_logs/2026-02-10T15_08_11_376Z-debug-0.log
10 silly logfile done cleaning log files
11 silly packumentCache heap:2096889856 maxSize:524222464 maxEntrySize:262111232
12 silly idealTree buildDeps
13 silly fetch manifest express@^4.18.2
14 silly packumentCache full:https://registry.npmjs.org/express cache-miss
15 http fetch GET 200 https://registry.npmjs.org/express 307ms (cache miss)
16 silly packumentCache full:https://registry.npmjs.org/express set size:undefined disposed:false
17 silly placeDep ROOT express@4.22.1 OK for: alo-mundo-api@1.0.0 want: ^4.18.2
18 silly fetch manifest qs@~6.14.0
19 silly packumentCache full:https://registry.npmjs.org/qs cache-miss
20 http fetch GET 200 https://registry.npmjs.org/qs 134ms (cache miss)
21 silly packumentCache full:https://registry.npmjs.org/qs set size:undefined disposed:false
22 silly fetch manifest depd@2.0.0
23 silly packumentCache full:https://registry.npmjs.org/depd cache-miss
24 http fetch GET 200 https://registry.npmjs.org/depd 72ms (cache miss)
25 silly packumentCache full:https://registry.npmjs.org/depd set size:undefined disposed:false
26 silly fetch manifest etag@~1.8.1
27 silly packumentCache full:https://registry.npmjs.org/etag cache-miss
28 http fetch GET 200 https://registry.npmjs.org/etag 68ms (cache miss)
29 silly packumentCache full:https://registry.npmjs.org/etag set size:undefined disposed:false
30 silly fetch manifest send@~0.19.0
31 silly packumentCache full:https://registry.npmjs.org/send cache-miss
32 http fetch GET 200 https://registry.npmjs.org/send 72ms (cache miss)
33 silly packumentCache full:https://registry.npmjs.org/send set size:undefined disposed:false
34 silly fetch manifest vary@~1.1.2
35 silly packumentCache full:https://registry.npmjs.org/vary cache-miss
36 http fetch GET 200 https://registry.npmjs.org/vary 52ms (cache miss)
37 silly packumentCache full:https://registry.npmjs.org/vary set size:undefined disposed:false
38 silly fetch manifest debug@2.6.9
39 silly packumentCache full:https://registry.npmjs.org/debug cache-miss
40 http fetch GET 200 https://registry.npmjs.org/debug 64ms (cache miss)
41 silly packumentCache full:https://registry.npmjs.org/debug set size:undefined disposed:false
42 silly fetch manifest fresh@~0.5.2
43 silly packumentCache full:https://registry.npmjs.org/fresh cache-miss
44 http fetch GET 200 https://registry.npmjs.org/fresh 54ms (cache miss)
45 silly packumentCache full:https://registry.npmjs.org/fresh set size:undefined disposed:false
46 silly fetch manifest cookie@~0.7.1
47 silly packumentCache full:https://registry.npmjs.org/cookie cache-miss
48 http fetch GET 200 https://registry.npmjs.org/cookie 68ms (cache miss)
49 silly packumentCache full:https://registry.npmjs.org/cookie set size:undefined disposed:false
50 silly fetch manifest accepts@~1.3.8
51 silly packumentCache full:https://registry.npmjs.org/accepts cache-miss
52 http fetch GET 200 https://registry.npmjs.org/accepts 77ms (cache miss)
53 silly packumentCache full:https://registry.npmjs.org/accepts set size:undefined disposed:false
54 silly fetch manifest methods@~1.1.2
55 silly packumentCache full:https://registry.npmjs.org/methods cache-miss
56 http fetch GET 200 https://registry.npmjs.org/methods 67ms (cache miss)
57 silly packumentCache full:https://registry.npmjs.org/methods set size:undefined disposed:false
58 silly fetch manifest type-is@~1.6.18
59 silly packumentCache full:https://registry.npmjs.org/type-is cache-miss
60 http fetch GET 200 https://registry.npmjs.org/type-is 260ms (cache miss)
61 silly packumentCache full:https://registry.npmjs.org/type-is set size:undefined disposed:false
62 silly fetch manifest parseurl@~1.3.3
63 silly packumentCache full:https://registry.npmjs.org/parseurl cache-miss
64 http fetch GET 200 https://registry.npmjs.org/parseurl 64ms (cache miss)
65 silly packumentCache full:https://registry.npmjs.org/parseurl set size:undefined disposed:false
66 silly fetch manifest statuses@~2.0.1
67 silly packumentCache full:https://registry.npmjs.org/statuses cache-miss
68 http fetch GET 200 https://registry.npmjs.org/statuses 56ms (cache miss)
69 silly packumentCache full:https://registry.npmjs.org/statuses set size:undefined disposed:false
70 silly fetch manifest encodeurl@~2.0.0
71 silly packumentCache full:https://registry.npmjs.org/encodeurl cache-miss
72 http fetch GET 200 https://registry.npmjs.org/encodeurl 58ms (cache miss)
73 silly packumentCache full:https://registry.npmjs.org/encodeurl set size:undefined disposed:false
74 silly fetch manifest proxy-addr@~2.0.7
75 silly packumentCache full:https://registry.npmjs.org/proxy-addr cache-miss
76 http fetch GET 200 https://registry.npmjs.org/proxy-addr 51ms (cache miss)
77 silly packumentCache full:https://registry.npmjs.org/proxy-addr set size:undefined disposed:false
78 silly fetch manifest body-parser@~1.20.3
79 silly packumentCache full:https://registry.npmjs.org/body-parser cache-miss
80 http fetch GET 200 https://registry.npmjs.org/body-parser 53ms (cache miss)
81 silly packumentCache full:https://registry.npmjs.org/body-parser set size:undefined disposed:false
82 silly fetch manifest escape-html@~1.0.3
83 silly packumentCache full:https://registry.npmjs.org/escape-html cache-miss
84 http fetch GET 200 https://registry.npmjs.org/escape-html 65ms (cache miss)
85 silly packumentCache full:https://registry.npmjs.org/escape-html set size:undefined disposed:false
86 silly fetch manifest http-errors@~2.0.0
87 silly packumentCache full:https://registry.npmjs.org/http-errors cache-miss
88 http fetch GET 200 https://registry.npmjs.org/http-errors 56ms (cache miss)
89 silly packumentCache full:https://registry.npmjs.org/http-errors set size:undefined disposed:false
90 silly fetch manifest on-finished@~2.4.1
91 silly packumentCache full:https://registry.npmjs.org/on-finished cache-miss
92 http fetch GET 200 https://registry.npmjs.org/on-finished 63ms (cache miss)
93 silly packumentCache full:https://registry.npmjs.org/on-finished set size:undefined disposed:false
94 silly fetch manifest safe-buffer@5.2.1
95 silly packumentCache full:https://registry.npmjs.org/safe-buffer cache-miss
96 http fetch GET 200 https://registry.npmjs.org/safe-buffer 63ms (cache miss)
97 silly packumentCache full:https://registry.npmjs.org/safe-buffer set size:undefined disposed:false
98 silly fetch manifest utils-merge@1.0.1
99 silly packumentCache full:https://registry.npmjs.org/utils-merge cache-miss
100 http fetch GET 200 https://registry.npmjs.org/utils-merge 60ms (cache miss)
101 silly packumentCache full:https://registry.npmjs.org/utils-merge set size:undefined disposed:false
102 silly fetch manifest content-type@~1.0.4
103 silly packumentCache full:https://registry.npmjs.org/content-type cache-miss
104 http fetch GET 200 https://registry.npmjs.org/content-type 82ms (cache miss)
105 silly packumentCache full:https://registry.npmjs.org/content-type set size:undefined disposed:false
106 silly fetch manifest finalhandler@~1.3.1
107 silly packumentCache full:https://registry.npmjs.org/finalhandler cache-miss
108 http fetch GET 200 https://registry.npmjs.org/finalhandler 57ms (cache miss)
109 silly packumentCache full:https://registry.npmjs.org/finalhandler set size:undefined disposed:false
110 silly fetch manifest range-parser@~1.2.1
111 silly packumentCache full:https://registry.npmjs.org/range-parser cache-miss
112 http fetch GET 200 https://registry.npmjs.org/range-parser 71ms (cache miss)
113 silly packumentCache full:https://registry.npmjs.org/range-parser set size:undefined disposed:false
114 silly fetch manifest serve-static@~1.16.2
115 silly packumentCache full:https://registry.npmjs.org/serve-static cache-miss
116 http fetch GET 200 https://registry.npmjs.org/serve-static 258ms (cache miss)
117 silly packumentCache full:https://registry.npmjs.org/serve-static set size:undefined disposed:false
118 silly fetch manifest array-flatten@1.1.1
119 silly packumentCache full:https://registry.npmjs.org/array-flatten cache-miss
120 http fetch GET 200 https://registry.npmjs.org/array-flatten 57ms (cache miss)
121 silly packumentCache full:https://registry.npmjs.org/array-flatten set size:undefined disposed:false
122 silly fetch manifest path-to-regexp@~0.1.12
123 silly packumentCache full:https://registry.npmjs.org/path-to-regexp cache-miss
124 http fetch GET 200 https://registry.npmjs.org/path-to-regexp 67ms (cache miss)
125 silly packumentCache full:https://registry.npmjs.org/path-to-regexp set size:undefined disposed:false
126 silly fetch manifest setprototypeof@1.2.0
127 silly packumentCache full:https://registry.npmjs.org/setprototypeof cache-miss
128 http fetch GET 200 https://registry.npmjs.org/setprototypeof 55ms (cache miss)
129 silly packumentCache full:https://registry.npmjs.org/setprototypeof set size:undefined disposed:false
130 silly fetch manifest cookie-signature@~1.0.6
131 silly packumentCache full:https://registry.npmjs.org/cookie-signature cache-miss
132 http fetch GET 200 https://registry.npmjs.org/cookie-signature 52ms (cache miss)
133 silly packumentCache full:https://registry.npmjs.org/cookie-signature set size:undefined disposed:false
134 silly fetch manifest merge-descriptors@1.0.3
135 silly packumentCache full:https://registry.npmjs.org/merge-descriptors cache-miss
136 http fetch GET 200 https://registry.npmjs.org/merge-descriptors 52ms (cache miss)
137 silly packumentCache full:https://registry.npmjs.org/merge-descriptors set size:undefined disposed:false
138 silly fetch manifest content-disposition@~0.5.4
139 silly packumentCache full:https://registry.npmjs.org/content-disposition cache-miss
140 http fetch GET 200 https://registry.npmjs.org/content-disposition 70ms (cache miss)
141 silly packumentCache full:https://registry.npmjs.org/content-disposition set size:undefined disposed:false
142 silly placeDep ROOT accepts@1.3.8 OK for: express@4.22.1 want: ~1.3.8
143 silly placeDep ROOT array-flatten@1.1.1 OK for: express@4.22.1 want: 1.1.1
144 silly placeDep ROOT body-parser@1.20.4 OK for: express@4.22.1 want: ~1.20.3
145 silly placeDep ROOT content-disposition@0.5.4 OK for: express@4.22.1 want: ~0.5.4
146 silly placeDep ROOT content-type@1.0.5 OK for: express@4.22.1 want: ~1.0.4
147 silly placeDep ROOT cookie@0.7.2 OK for: express@4.22.1 want: ~0.7.1
148 silly placeDep ROOT cookie-signature@1.0.7 OK for: express@4.22.1 want: ~1.0.6
149 silly placeDep ROOT debug@2.6.9 OK for: express@4.22.1 want: 2.6.9
150 silly placeDep ROOT depd@2.0.0 OK for: express@4.22.1 want: 2.0.0
151 silly placeDep ROOT encodeurl@2.0.0 OK for: express@4.22.1 want: ~2.0.0
152 silly placeDep ROOT escape-html@1.0.3 OK for: express@4.22.1 want: ~1.0.3
153 silly placeDep ROOT etag@1.8.1 OK for: express@4.22.1 want: ~1.8.1
154 silly placeDep ROOT finalhandler@1.3.2 OK for: express@4.22.1 want: ~1.3.1
155 silly placeDep ROOT fresh@0.5.2 OK for: express@4.22.1 want: ~0.5.2
156 silly placeDep ROOT http-errors@2.0.1 OK for: express@4.22.1 want: ~2.0.0
157 silly placeDep ROOT merge-descriptors@1.0.3 OK for: express@4.22.1 want: 1.0.3
158 silly placeDep ROOT methods@1.1.2 OK for: express@4.22.1 want: ~1.1.2
159 silly placeDep ROOT on-finished@2.4.1 OK for: express@4.22.1 want: ~2.4.1
160 silly placeDep ROOT parseurl@1.3.3 OK for: express@4.22.1 want: ~1.3.3
161 silly placeDep ROOT path-to-regexp@0.1.12 OK for: express@4.22.1 want: ~0.1.12
162 silly placeDep ROOT proxy-addr@2.0.7 OK for: express@4.22.1 want: ~2.0.7
163 silly placeDep ROOT qs@6.14.1 OK for: express@4.22.1 want: ~6.14.0
164 silly placeDep ROOT range-parser@1.2.1 OK for: express@4.22.1 want: ~1.2.1
165 silly placeDep ROOT safe-buffer@5.2.1 OK for: express@4.22.1 want: 5.2.1
166 silly placeDep ROOT send@0.19.2 OK for: express@4.22.1 want: ~0.19.0
167 silly placeDep ROOT serve-static@1.16.3 OK for: express@4.22.1 want: ~1.16.2
168 silly placeDep ROOT setprototypeof@1.2.0 OK for: express@4.22.1 want: 1.2.0
169 silly placeDep ROOT statuses@2.0.2 OK for: express@4.22.1 want: ~2.0.1
170 silly placeDep ROOT type-is@1.6.18 OK for: express@4.22.1 want: ~1.6.18
171 silly placeDep ROOT utils-merge@1.0.1 OK for: express@4.22.1 want: 1.0.1
172 silly placeDep ROOT vary@1.1.2 OK for: express@4.22.1 want: ~1.1.2
173 silly fetch manifest mime-types@~2.1.34
174 silly packumentCache full:https://registry.npmjs.org/mime-types cache-miss
175 http fetch GET 200 https://registry.npmjs.org/mime-types 58ms (cache miss)
176 silly packumentCache full:https://registry.npmjs.org/mime-types set size:undefined disposed:false
177 silly fetch manifest negotiator@0.6.3
178 silly packumentCache full:https://registry.npmjs.org/negotiator cache-miss
179 http fetch GET 200 https://registry.npmjs.org/negotiator 82ms (cache miss)
180 silly packumentCache full:https://registry.npmjs.org/negotiator set size:undefined disposed:false
181 silly fetch manifest bytes@~3.1.2
182 silly packumentCache full:https://registry.npmjs.org/bytes cache-miss
183 http fetch GET 200 https://registry.npmjs.org/bytes 60ms (cache miss)
184 silly packumentCache full:https://registry.npmjs.org/bytes set size:undefined disposed:false
185 silly fetch manifest unpipe@~1.0.0
186 silly packumentCache full:https://registry.npmjs.org/unpipe cache-miss
187 http fetch GET 200 https://registry.npmjs.org/unpipe 75ms (cache miss)
188 silly packumentCache full:https://registry.npmjs.org/unpipe set size:undefined disposed:false
189 silly fetch manifest destroy@~1.2.0
190 silly packumentCache full:https://registry.npmjs.org/destroy cache-miss
191 http fetch GET 200 https://registry.npmjs.org/destroy 74ms (cache miss)
192 silly packumentCache full:https://registry.npmjs.org/destroy set size:undefined disposed:false
193 silly fetch manifest raw-body@~2.5.3
194 silly packumentCache full:https://registry.npmjs.org/raw-body cache-miss
195 http fetch GET 200 https://registry.npmjs.org/raw-body 55ms (cache miss)
196 silly packumentCache full:https://registry.npmjs.org/raw-body set size:undefined disposed:false
197 silly fetch manifest iconv-lite@~0.4.24
198 silly packumentCache full:https://registry.npmjs.org/iconv-lite cache-miss
199 http fetch GET 200 https://registry.npmjs.org/iconv-lite 75ms (cache miss)
200 silly packumentCache full:https://registry.npmjs.org/iconv-lite set size:undefined disposed:false
201 silly fetch manifest http-errors@~2.0.1
202 silly packumentCache full:https://registry.npmjs.org/http-errors cache-miss
203 http cache https://registry.npmjs.org/http-errors 7ms (cache hit)
204 silly packumentCache full:https://registry.npmjs.org/http-errors set size:71987 disposed:false
205 silly fetch manifest content-type@~1.0.5
206 silly packumentCache full:https://registry.npmjs.org/content-type cache-miss
207 http cache https://registry.npmjs.org/content-type 9ms (cache hit)
208 silly packumentCache full:https://registry.npmjs.org/content-type set size:17311 disposed:false
209 silly fetch manifest ms@2.0.0
210 silly packumentCache full:https://registry.npmjs.org/ms cache-miss
211 http fetch GET 200 https://registry.npmjs.org/ms 83ms (cache miss)
212 silly packumentCache full:https://registry.npmjs.org/ms set size:undefined disposed:false
213 silly fetch manifest statuses@~2.0.2
214 silly packumentCache full:https://registry.npmjs.org/statuses cache-miss
215 http cache https://registry.npmjs.org/statuses 4ms (cache hit)
216 silly packumentCache full:https://registry.npmjs.org/statuses set size:37117 disposed:false
217 silly fetch manifest inherits@~2.0.4
218 silly packumentCache full:https://registry.npmjs.org/inherits cache-miss
219 http fetch GET 200 https://registry.npmjs.org/inherits 86ms (cache miss)
220 silly packumentCache full:https://registry.npmjs.org/inherits set size:undefined disposed:false
221 silly fetch manifest setprototypeof@~1.2.0
222 silly packumentCache full:https://registry.npmjs.org/setprototypeof cache-miss
223 http cache https://registry.npmjs.org/setprototypeof 2ms (cache hit)
224 silly packumentCache full:https://registry.npmjs.org/setprototypeof set size:14532 disposed:false
225 silly fetch manifest toidentifier@~1.0.1
226 silly packumentCache full:https://registry.npmjs.org/toidentifier cache-miss
227 http fetch GET 200 https://registry.npmjs.org/toidentifier 249ms (cache miss)
228 silly packumentCache full:https://registry.npmjs.org/toidentifier set size:undefined disposed:false
229 silly fetch manifest ee-first@1.1.1
230 silly packumentCache full:https://registry.npmjs.org/ee-first cache-miss
231 http fetch GET 200 https://registry.npmjs.org/ee-first 65ms (cache miss)
232 silly packumentCache full:https://registry.npmjs.org/ee-first set size:undefined disposed:false
233 silly fetch manifest forwarded@0.2.0
234 silly packumentCache full:https://registry.npmjs.org/forwarded cache-miss
235 http fetch GET 200 https://registry.npmjs.org/forwarded 240ms (cache miss)
236 silly packumentCache full:https://registry.npmjs.org/forwarded set size:undefined disposed:false
237 silly fetch manifest ipaddr.js@1.9.1
238 silly packumentCache full:https://registry.npmjs.org/ipaddr.js cache-miss
239 http fetch GET 200 https://registry.npmjs.org/ipaddr.js 75ms (cache miss)
240 silly packumentCache full:https://registry.npmjs.org/ipaddr.js set size:undefined disposed:false
241 silly fetch manifest side-channel@^1.1.0
242 silly packumentCache full:https://registry.npmjs.org/side-channel cache-miss
243 http fetch GET 200 https://registry.npmjs.org/side-channel 70ms (cache miss)
244 silly packumentCache full:https://registry.npmjs.org/side-channel set size:undefined disposed:false
245 silly fetch manifest ms@2.1.3
246 silly packumentCache full:https://registry.npmjs.org/ms cache-miss
247 http cache https://registry.npmjs.org/ms 3ms (cache hit)
248 silly packumentCache full:https://registry.npmjs.org/ms set size:92208 disposed:false
249 silly fetch manifest mime@1.6.0
250 silly packumentCache full:https://registry.npmjs.org/mime cache-miss
251 http fetch GET 200 https://registry.npmjs.org/mime 122ms (cache miss)
252 silly packumentCache full:https://registry.npmjs.org/mime set size:undefined disposed:false
253 silly fetch manifest destroy@1.2.0
254 silly packumentCache full:https://registry.npmjs.org/destroy cache-miss
255 http cache https://registry.npmjs.org/destroy 3ms (cache hit)
256 silly packumentCache full:https://registry.npmjs.org/destroy set size:15738 disposed:false
257 silly fetch manifest mime-types@~2.1.24
258 silly packumentCache full:https://registry.npmjs.org/mime-types cache-miss
259 http cache https://registry.npmjs.org/mime-types 3ms (cache hit)
260 silly packumentCache full:https://registry.npmjs.org/mime-types set size:139110 disposed:false
261 silly fetch manifest media-typer@0.3.0
262 silly packumentCache full:https://registry.npmjs.org/media-typer cache-miss
263 http fetch GET 200 https://registry.npmjs.org/media-typer 69ms (cache miss)
264 silly packumentCache full:https://registry.npmjs.org/media-typer set size:undefined disposed:false
265 silly placeDep ROOT mime-types@2.1.35 OK for: accepts@1.3.8 want: ~2.1.34
266 silly placeDep ROOT negotiator@0.6.3 OK for: accepts@1.3.8 want: 0.6.3
267 silly fetch manifest mime-db@1.52.0
268 silly packumentCache full:https://registry.npmjs.org/mime-db cache-miss
269 http fetch GET 200 https://registry.npmjs.org/mime-db 66ms (cache miss)
270 silly packumentCache full:https://registry.npmjs.org/mime-db set size:undefined disposed:false
271 silly placeDep ROOT bytes@3.1.2 OK for: body-parser@1.20.4 want: ~3.1.2
272 silly placeDep ROOT destroy@1.2.0 OK for: body-parser@1.20.4 want: ~1.2.0
273 silly placeDep ROOT iconv-lite@0.4.24 OK for: body-parser@1.20.4 want: ~0.4.24
274 silly placeDep ROOT raw-body@2.5.3 OK for: body-parser@1.20.4 want: ~2.5.3
275 silly placeDep ROOT unpipe@1.0.0 OK for: body-parser@1.20.4 want: ~1.0.0
276 silly fetch manifest safer-buffer@>= 2.1.2 < 3
277 silly packumentCache full:https://registry.npmjs.org/safer-buffer cache-miss
278 http fetch GET 200 https://registry.npmjs.org/safer-buffer 60ms (cache miss)
279 silly packumentCache full:https://registry.npmjs.org/safer-buffer set size:undefined disposed:false
280 silly placeDep ROOT ms@2.0.0 OK for: debug@2.6.9 want: 2.0.0
281 silly placeDep ROOT inherits@2.0.4 OK for: http-errors@2.0.1 want: ~2.0.4
282 silly placeDep ROOT toidentifier@1.0.1 OK for: http-errors@2.0.1 want: ~1.0.1
283 silly placeDep ROOT safer-buffer@2.1.2 OK for: iconv-lite@0.4.24 want: >= 2.1.2 < 3
284 silly placeDep ROOT mime-db@1.52.0 OK for: mime-types@2.1.35 want: 1.52.0
285 silly placeDep ROOT ee-first@1.1.1 OK for: on-finished@2.4.1 want: 1.1.1
286 silly placeDep ROOT forwarded@0.2.0 OK for: proxy-addr@2.0.7 want: 0.2.0
287 silly placeDep ROOT ipaddr.js@1.9.1 OK for: proxy-addr@2.0.7 want: 1.9.1
288 silly placeDep ROOT side-channel@1.1.0 OK for: qs@6.14.1 want: ^1.1.0
289 silly fetch manifest es-errors@^1.3.0
290 silly packumentCache full:https://registry.npmjs.org/es-errors cache-miss
291 http fetch GET 200 https://registry.npmjs.org/es-errors 53ms (cache miss)
292 silly packumentCache full:https://registry.npmjs.org/es-errors set size:undefined disposed:false
293 silly fetch manifest object-inspect@^1.13.3
294 silly packumentCache full:https://registry.npmjs.org/object-inspect cache-miss
295 http fetch GET 200 https://registry.npmjs.org/object-inspect 68ms (cache miss)
296 silly packumentCache full:https://registry.npmjs.org/object-inspect set size:undefined disposed:false
297 silly fetch manifest side-channel-list@^1.0.0
298 silly packumentCache full:https://registry.npmjs.org/side-channel-list cache-miss
299 http fetch GET 200 https://registry.npmjs.org/side-channel-list 65ms (cache miss)
300 silly packumentCache full:https://registry.npmjs.org/side-channel-list set size:undefined disposed:false
301 silly fetch manifest side-channel-map@^1.0.1
302 silly packumentCache full:https://registry.npmjs.org/side-channel-map cache-miss
303 http fetch GET 200 https://registry.npmjs.org/side-channel-map 61ms (cache miss)
304 silly packumentCache full:https://registry.npmjs.org/side-channel-map set size:undefined disposed:false
305 silly fetch manifest side-channel-weakmap@^1.0.2
306 silly packumentCache full:https://registry.npmjs.org/side-channel-weakmap cache-miss
307 http fetch GET 200 https://registry.npmjs.org/side-channel-weakmap 58ms (cache miss)
308 silly packumentCache full:https://registry.npmjs.org/side-channel-weakmap set size:undefined disposed:false
309 silly placeDep ROOT mime@1.6.0 OK for: send@0.19.2 want: 1.6.0
310 silly placeDep node_modules/send ms@2.1.3 OK for: send@0.19.2 want: 2.1.3
311 silly placeDep ROOT es-errors@1.3.0 OK for: side-channel@1.1.0 want: ^1.3.0
312 silly placeDep ROOT object-inspect@1.13.4 OK for: side-channel@1.1.0 want: ^1.13.3
313 silly placeDep ROOT side-channel-list@1.0.0 OK for: side-channel@1.1.0 want: ^1.0.0
314 silly placeDep ROOT side-channel-map@1.0.1 OK for: side-channel@1.1.0 want: ^1.0.1
315 silly placeDep ROOT side-channel-weakmap@1.0.2 OK for: side-channel@1.1.0 want: ^1.0.2
316 silly fetch manifest call-bound@^1.0.2
317 silly packumentCache full:https://registry.npmjs.org/call-bound cache-miss
318 http fetch GET 200 https://registry.npmjs.org/call-bound 71ms (cache miss)
319 silly packumentCache full:https://registry.npmjs.org/call-bound set size:undefined disposed:false
320 silly fetch manifest get-intrinsic@^1.2.5
321 silly packumentCache full:https://registry.npmjs.org/get-intrinsic cache-miss
322 http fetch GET 200 https://registry.npmjs.org/get-intrinsic 86ms (cache miss)
323 silly packumentCache full:https://registry.npmjs.org/get-intrinsic set size:undefined disposed:false
324 silly placeDep ROOT call-bound@1.0.4 OK for: side-channel-map@1.0.1 want: ^1.0.2
325 silly placeDep ROOT get-intrinsic@1.3.0 OK for: side-channel-map@1.0.1 want: ^1.2.5
326 silly fetch manifest call-bind-apply-helpers@^1.0.2
327 silly packumentCache full:https://registry.npmjs.org/call-bind-apply-helpers cache-miss
328 http fetch GET 200 https://registry.npmjs.org/call-bind-apply-helpers 88ms (cache miss)
329 silly packumentCache full:https://registry.npmjs.org/call-bind-apply-helpers set size:undefined disposed:false
330 silly fetch manifest get-intrinsic@^1.3.0
331 silly packumentCache full:https://registry.npmjs.org/get-intrinsic cache-miss
332 http cache https://registry.npmjs.org/get-intrinsic 2ms (cache hit)
333 silly packumentCache full:https://registry.npmjs.org/get-intrinsic set size:60985 disposed:false
334 silly fetch manifest gopd@^1.2.0
335 silly packumentCache full:https://registry.npmjs.org/gopd cache-miss
336 http fetch GET 200 https://registry.npmjs.org/gopd 78ms (cache miss)
337 silly packumentCache full:https://registry.npmjs.org/gopd set size:undefined disposed:false
338 silly fetch manifest hasown@^2.0.2
339 silly packumentCache full:https://registry.npmjs.org/hasown cache-miss
340 http fetch GET 200 https://registry.npmjs.org/hasown 87ms (cache miss)
341 silly packumentCache full:https://registry.npmjs.org/hasown set size:undefined disposed:false
342 silly fetch manifest get-proto@^1.0.1
343 silly packumentCache full:https://registry.npmjs.org/get-proto cache-miss
344 http fetch GET 200 https://registry.npmjs.org/get-proto 54ms (cache miss)
345 silly packumentCache full:https://registry.npmjs.org/get-proto set size:undefined disposed:false
346 silly fetch manifest has-symbols@^1.1.0
347 silly packumentCache full:https://registry.npmjs.org/has-symbols cache-miss
348 http fetch GET 200 https://registry.npmjs.org/has-symbols 55ms (cache miss)
349 silly packumentCache full:https://registry.npmjs.org/has-symbols set size:undefined disposed:false
350 silly fetch manifest function-bind@^1.1.2
351 silly packumentCache full:https://registry.npmjs.org/function-bind cache-miss
352 http fetch GET 200 https://registry.npmjs.org/function-bind 62ms (cache miss)
353 silly packumentCache full:https://registry.npmjs.org/function-bind set size:undefined disposed:false
354 silly fetch manifest es-object-atoms@^1.1.1
355 silly packumentCache full:https://registry.npmjs.org/es-object-atoms cache-miss
356 http fetch GET 200 https://registry.npmjs.org/es-object-atoms 65ms (cache miss)
357 silly packumentCache full:https://registry.npmjs.org/es-object-atoms set size:undefined disposed:false
358 silly fetch manifest math-intrinsics@^1.1.0
359 silly packumentCache full:https://registry.npmjs.org/math-intrinsics cache-miss
360 http fetch GET 200 https://registry.npmjs.org/math-intrinsics 105ms (cache miss)
361 silly packumentCache full:https://registry.npmjs.org/math-intrinsics set size:undefined disposed:false
362 silly fetch manifest es-define-property@^1.0.1
363 silly packumentCache full:https://registry.npmjs.org/es-define-property cache-miss
364 http fetch GET 200 https://registry.npmjs.org/es-define-property 100ms (cache miss)
365 silly packumentCache full:https://registry.npmjs.org/es-define-property set size:undefined disposed:false
366 silly placeDep ROOT call-bind-apply-helpers@1.0.2 OK for: call-bound@1.0.4 want: ^1.0.2
367 silly placeDep ROOT function-bind@1.1.2 OK for: call-bind-apply-helpers@1.0.2 want: ^1.1.2
368 silly placeDep ROOT es-define-property@1.0.1 OK for: get-intrinsic@1.3.0 want: ^1.0.1
369 silly placeDep ROOT es-object-atoms@1.1.1 OK for: get-intrinsic@1.3.0 want: ^1.1.1
370 silly placeDep ROOT get-proto@1.0.1 OK for: get-intrinsic@1.3.0 want: ^1.0.1
371 silly placeDep ROOT gopd@1.2.0 OK for: get-intrinsic@1.3.0 want: ^1.2.0
372 silly placeDep ROOT has-symbols@1.1.0 OK for: get-intrinsic@1.3.0 want: ^1.1.0
373 silly placeDep ROOT hasown@2.0.2 OK for: get-intrinsic@1.3.0 want: ^2.0.2
374 silly placeDep ROOT math-intrinsics@1.1.0 OK for: get-intrinsic@1.3.0 want: ^1.1.0
375 silly fetch manifest dunder-proto@^1.0.1
376 silly packumentCache full:https://registry.npmjs.org/dunder-proto cache-miss
377 http fetch GET 200 https://registry.npmjs.org/dunder-proto 55ms (cache miss)
378 silly packumentCache full:https://registry.npmjs.org/dunder-proto set size:undefined disposed:false
379 silly placeDep ROOT dunder-proto@1.0.1 OK for: get-proto@1.0.1 want: ^1.0.1
380 silly placeDep ROOT media-typer@0.3.0 OK for: type-is@1.6.18 want: 0.3.0
381 silly reify moves {}
382 silly audit bulk request {
382 silly audit   express: [ '4.22.1' ],
382 silly audit   accepts: [ '1.3.8' ],
382 silly audit   'array-flatten': [ '1.1.1' ],
382 silly audit   'body-parser': [ '1.20.4' ],
382 silly audit   'content-disposition': [ '0.5.4' ],
382 silly audit   'content-type': [ '1.0.5' ],
382 silly audit   cookie: [ '0.7.2' ],
382 silly audit   'cookie-signature': [ '1.0.7' ],
382 silly audit   debug: [ '2.6.9' ],
382 silly audit   depd: [ '2.0.0' ],
382 silly audit   encodeurl: [ '2.0.0' ],
382 silly audit   'escape-html': [ '1.0.3' ],
382 silly audit   etag: [ '1.8.1' ],
382 silly audit   finalhandler: [ '1.3.2' ],
382 silly audit   fresh: [ '0.5.2' ],
382 silly audit   'http-errors': [ '2.0.1' ],
382 silly audit   'merge-descriptors': [ '1.0.3' ],
382 silly audit   methods: [ '1.1.2' ],
382 silly audit   'on-finished': [ '2.4.1' ],
382 silly audit   parseurl: [ '1.3.3' ],
382 silly audit   'path-to-regexp': [ '0.1.12' ],
382 silly audit   'proxy-addr': [ '2.0.7' ],
382 silly audit   qs: [ '6.14.1' ],
382 silly audit   'range-parser': [ '1.2.1' ],
382 silly audit   'safe-buffer': [ '5.2.1' ],
382 silly audit   send: [ '0.19.2' ],
382 silly audit   'serve-static': [ '1.16.3' ],
382 silly audit   setprototypeof: [ '1.2.0' ],
382 silly audit   statuses: [ '2.0.2' ],
382 silly audit   'type-is': [ '1.6.18' ],
382 silly audit   'utils-merge': [ '1.0.1' ],
382 silly audit   vary: [ '1.1.2' ],
382 silly audit   'mime-types': [ '2.1.35' ],
382 silly audit   negotiator: [ '0.6.3' ],
382 silly audit   bytes: [ '3.1.2' ],
382 silly audit   destroy: [ '1.2.0' ],
382 silly audit   'iconv-lite': [ '0.4.24' ],
382 silly audit   'raw-body': [ '2.5.3' ],
382 silly audit   unpipe: [ '1.0.0' ],
382 silly audit   ms: [ '2.0.0', '2.1.3' ],
382 silly audit   inherits: [ '2.0.4' ],
382 silly audit   toidentifier: [ '1.0.1' ],
382 silly audit   'safer-buffer': [ '2.1.2' ],
382 silly audit   'mime-db': [ '1.52.0' ],
382 silly audit   'ee-first': [ '1.1.1' ],
382 silly audit   forwarded: [ '0.2.0' ],
382 silly audit   'ipaddr.js': [ '1.9.1' ],
382 silly audit   'side-channel': [ '1.1.0' ],
382 silly audit   mime: [ '1.6.0' ],
382 silly audit   'es-errors': [ '1.3.0' ],
382 silly audit   'object-inspect': [ '1.13.4' ],
382 silly audit   'side-channel-list': [ '1.0.0' ],
382 silly audit   'side-channel-map': [ '1.0.1' ],
382 silly audit   'side-channel-weakmap': [ '1.0.2' ],
382 silly audit   'call-bound': [ '1.0.4' ],
382 silly audit   'get-intrinsic': [ '1.3.0' ],
382 silly audit   'call-bind-apply-helpers': [ '1.0.2' ],
382 silly audit   'function-bind': [ '1.1.2' ],
382 silly audit   'es-define-property': [ '1.0.1' ],
382 silly audit   'es-object-atoms': [ '1.1.1' ],
382 silly audit   'get-proto': [ '1.0.1' ],
382 silly audit   gopd: [ '1.2.0' ],
382 silly audit   'has-symbols': [ '1.1.0' ],
382 silly audit   hasown: [ '2.0.2' ],
382 silly audit   'math-intrinsics': [ '1.1.0' ],
382 silly audit   'dunder-proto': [ '1.0.1' ],
382 silly audit   'media-typer': [ '0.3.0' ]
382 silly audit }
383 http cache media-typer@https://registry.npmjs.org/media-typer/-/media-typer-0.3.0.tgz 0ms (cache hit)
384 http cache dunder-proto@https://registry.npmjs.org/dunder-proto/-/dunder-proto-1.0.1.tgz 0ms (cache hit)
385 http cache math-intrinsics@https://registry.npmjs.org/math-intrinsics/-/math-intrinsics-1.1.0.tgz 1ms (cache hit)
386 http cache hasown@https://registry.npmjs.org/hasown/-/hasown-2.0.2.tgz 0ms (cache hit)
387 http cache has-symbols@https://registry.npmjs.org/has-symbols/-/has-symbols-1.1.0.tgz 0ms (cache hit)
388 http cache gopd@https://registry.npmjs.org/gopd/-/gopd-1.2.0.tgz 0ms (cache hit)
389 http cache get-proto@https://registry.npmjs.org/get-proto/-/get-proto-1.0.1.tgz 0ms (cache hit)
390 http cache es-object-atoms@https://registry.npmjs.org/es-object-atoms/-/es-object-atoms-1.1.1.tgz 0ms (cache hit)
391 http cache function-bind@https://registry.npmjs.org/function-bind/-/function-bind-1.1.2.tgz 0ms (cache hit)
392 http cache es-define-property@https://registry.npmjs.org/es-define-property/-/es-define-property-1.0.1.tgz 0ms (cache hit)
393 http cache call-bind-apply-helpers@https://registry.npmjs.org/call-bind-apply-helpers/-/call-bind-apply-helpers-1.0.2.tgz 0ms (cache hit)
394 http cache call-bound@https://registry.npmjs.org/call-bound/-/call-bound-1.0.4.tgz 0ms (cache hit)
395 http cache get-intrinsic@https://registry.npmjs.org/get-intrinsic/-/get-intrinsic-1.3.0.tgz 0ms (cache hit)
396 http cache side-channel-weakmap@https://registry.npmjs.org/side-channel-weakmap/-/side-channel-weakmap-1.0.2.tgz 0ms (cache hit)
397 http cache side-channel-list@https://registry.npmjs.org/side-channel-list/-/side-channel-list-1.0.0.tgz 0ms (cache hit)
398 http cache object-inspect@https://registry.npmjs.org/object-inspect/-/object-inspect-1.13.4.tgz 0ms (cache hit)
399 http cache side-channel-map@https://registry.npmjs.org/side-channel-map/-/side-channel-map-1.0.1.tgz 0ms (cache hit)
400 http cache es-errors@https://registry.npmjs.org/es-errors/-/es-errors-1.3.0.tgz 0ms (cache hit)
401 http cache side-channel@https://registry.npmjs.org/side-channel/-/side-channel-1.1.0.tgz 0ms (cache hit)
402 http cache mime@https://registry.npmjs.org/mime/-/mime-1.6.0.tgz 0ms (cache hit)
403 http cache ipaddr.js@https://registry.npmjs.org/ipaddr.js/-/ipaddr.js-1.9.1.tgz 0ms (cache hit)
404 http cache ee-first@https://registry.npmjs.org/ee-first/-/ee-first-1.1.1.tgz 0ms (cache hit)
405 http cache forwarded@https://registry.npmjs.org/forwarded/-/forwarded-0.2.0.tgz 0ms (cache hit)
406 http cache mime-db@https://registry.npmjs.org/mime-db/-/mime-db-1.52.0.tgz 0ms (cache hit)
407 http cache safer-buffer@https://registry.npmjs.org/safer-buffer/-/safer-buffer-2.1.2.tgz 0ms (cache hit)
408 http cache toidentifier@https://registry.npmjs.org/toidentifier/-/toidentifier-1.0.1.tgz 0ms (cache hit)
409 http cache inherits@https://registry.npmjs.org/inherits/-/inherits-2.0.4.tgz 0ms (cache hit)
410 http cache ms@https://registry.npmjs.org/ms/-/ms-2.0.0.tgz 0ms (cache hit)
411 http cache raw-body@https://registry.npmjs.org/raw-body/-/raw-body-2.5.3.tgz 0ms (cache hit)
412 http cache unpipe@https://registry.npmjs.org/unpipe/-/unpipe-1.0.0.tgz 0ms (cache hit)
413 http cache iconv-lite@https://registry.npmjs.org/iconv-lite/-/iconv-lite-0.4.24.tgz 0ms (cache hit)
414 http cache bytes@https://registry.npmjs.org/bytes/-/bytes-3.1.2.tgz 0ms (cache hit)
415 http cache destroy@https://registry.npmjs.org/destroy/-/destroy-1.2.0.tgz 0ms (cache hit)
416 http cache negotiator@https://registry.npmjs.org/negotiator/-/negotiator-0.6.3.tgz 0ms (cache hit)
417 http cache mime-types@https://registry.npmjs.org/mime-types/-/mime-types-2.1.35.tgz 0ms (cache hit)
418 http cache vary@https://registry.npmjs.org/vary/-/vary-1.1.2.tgz 0ms (cache hit)
419 http cache type-is@https://registry.npmjs.org/type-is/-/type-is-1.6.18.tgz 0ms (cache hit)
420 http cache utils-merge@https://registry.npmjs.org/utils-merge/-/utils-merge-1.0.1.tgz 0ms (cache hit)
421 http cache statuses@https://registry.npmjs.org/statuses/-/statuses-2.0.2.tgz 0ms (cache hit)
422 http cache serve-static@https://registry.npmjs.org/serve-static/-/serve-static-1.16.3.tgz 0ms (cache hit)
423 http cache setprototypeof@https://registry.npmjs.org/setprototypeof/-/setprototypeof-1.2.0.tgz 0ms (cache hit)
424 http cache send@https://registry.npmjs.org/send/-/send-0.19.2.tgz 0ms (cache hit)
425 http cache safe-buffer@https://registry.npmjs.org/safe-buffer/-/safe-buffer-5.2.1.tgz 0ms (cache hit)
426 http cache range-parser@https://registry.npmjs.org/range-parser/-/range-parser-1.2.1.tgz 0ms (cache hit)
427 http cache proxy-addr@https://registry.npmjs.org/proxy-addr/-/proxy-addr-2.0.7.tgz 0ms (cache hit)
428 http cache qs@https://registry.npmjs.org/qs/-/qs-6.14.1.tgz 0ms (cache hit)
429 http cache path-to-regexp@https://registry.npmjs.org/path-to-regexp/-/path-to-regexp-0.1.12.tgz 0ms (cache hit)
430 http cache parseurl@https://registry.npmjs.org/parseurl/-/parseurl-1.3.3.tgz 0ms (cache hit)
431 http cache on-finished@https://registry.npmjs.org/on-finished/-/on-finished-2.4.1.tgz 0ms (cache hit)
432 http cache methods@https://registry.npmjs.org/methods/-/methods-1.1.2.tgz 0ms (cache hit)
433 http cache merge-descriptors@https://registry.npmjs.org/merge-descriptors/-/merge-descriptors-1.0.3.tgz 0ms (cache hit)
434 http cache http-errors@https://registry.npmjs.org/http-errors/-/http-errors-2.0.1.tgz 0ms (cache hit)
435 http cache fresh@https://registry.npmjs.org/fresh/-/fresh-0.5.2.tgz 0ms (cache hit)
436 http cache finalhandler@https://registry.npmjs.org/finalhandler/-/finalhandler-1.3.2.tgz 0ms (cache hit)
437 http cache etag@https://registry.npmjs.org/etag/-/etag-1.8.1.tgz 0ms (cache hit)
438 http cache encodeurl@https://registry.npmjs.org/encodeurl/-/encodeurl-2.0.0.tgz 0ms (cache hit)
439 http cache escape-html@https://registry.npmjs.org/escape-html/-/escape-html-1.0.3.tgz 0ms (cache hit)
440 http cache depd@https://registry.npmjs.org/depd/-/depd-2.0.0.tgz 0ms (cache hit)
441 http cache cookie-signature@https://registry.npmjs.org/cookie-signature/-/cookie-signature-1.0.7.tgz 0ms (cache hit)
442 http cache debug@https://registry.npmjs.org/debug/-/debug-2.6.9.tgz 0ms (cache hit)
443 http cache cookie@https://registry.npmjs.org/cookie/-/cookie-0.7.2.tgz 0ms (cache hit)
444 http cache content-type@https://registry.npmjs.org/content-type/-/content-type-1.0.5.tgz 0ms (cache hit)
445 http cache content-disposition@https://registry.npmjs.org/content-disposition/-/content-disposition-0.5.4.tgz 0ms (cache hit)
446 http cache body-parser@https://registry.npmjs.org/body-parser/-/body-parser-1.20.4.tgz 0ms (cache hit)
447 http cache array-flatten@https://registry.npmjs.org/array-flatten/-/array-flatten-1.1.1.tgz 0ms (cache hit)
448 http cache accepts@https://registry.npmjs.org/accepts/-/accepts-1.3.8.tgz 0ms (cache hit)
449 http cache express@https://registry.npmjs.org/express/-/express-4.22.1.tgz 0ms (cache hit)
450 http cache ms@https://registry.npmjs.org/ms/-/ms-2.1.3.tgz 0ms (cache hit)
451 silly tarball no local data for media-typer@https://registry.npmjs.org/media-typer/-/media-typer-0.3.0.tgz. Extracting by manifest.
452 silly tarball no local data for dunder-proto@https://registry.npmjs.org/dunder-proto/-/dunder-proto-1.0.1.tgz. Extracting by manifest.
453 silly tarball no local data for math-intrinsics@https://registry.npmjs.org/math-intrinsics/-/math-intrinsics-1.1.0.tgz. Extracting by manifest.
454 silly tarball no local data for hasown@https://registry.npmjs.org/hasown/-/hasown-2.0.2.tgz. Extracting by manifest.
455 silly tarball no local data for has-symbols@https://registry.npmjs.org/has-symbols/-/has-symbols-1.1.0.tgz. Extracting by manifest.
456 silly tarball no local data for gopd@https://registry.npmjs.org/gopd/-/gopd-1.2.0.tgz. Extracting by manifest.
457 silly tarball no local data for get-proto@https://registry.npmjs.org/get-proto/-/get-proto-1.0.1.tgz. Extracting by manifest.
458 silly tarball no local data for es-object-atoms@https://registry.npmjs.org/es-object-atoms/-/es-object-atoms-1.1.1.tgz. Extracting by manifest.
459 silly tarball no local data for function-bind@https://registry.npmjs.org/function-bind/-/function-bind-1.1.2.tgz. Extracting by manifest.
460 silly tarball no local data for es-define-property@https://registry.npmjs.org/es-define-property/-/es-define-property-1.0.1.tgz. Extracting by manifest.
461 silly tarball no local data for call-bind-apply-helpers@https://registry.npmjs.org/call-bind-apply-helpers/-/call-bind-apply-helpers-1.0.2.tgz. Extracting by manifest.
462 silly tarball no local data for call-bound@https://registry.npmjs.org/call-bound/-/call-bound-1.0.4.tgz. Extracting by manifest.
463 silly tarball no local data for get-intrinsic@https://registry.npmjs.org/get-intrinsic/-/get-intrinsic-1.3.0.tgz. Extracting by manifest.
464 silly tarball no local data for side-channel-weakmap@https://registry.npmjs.org/side-channel-weakmap/-/side-channel-weakmap-1.0.2.tgz. Extracting by manifest.
465 silly tarball no local data for side-channel-list@https://registry.npmjs.org/side-channel-list/-/side-channel-list-1.0.0.tgz. Extracting by manifest.
466 silly tarball no local data for object-inspect@https://registry.npmjs.org/object-inspect/-/object-inspect-1.13.4.tgz. Extracting by manifest.
467 silly tarball no local data for side-channel-map@https://registry.npmjs.org/side-channel-map/-/side-channel-map-1.0.1.tgz. Extracting by manifest.
468 silly tarball no local data for es-errors@https://registry.npmjs.org/es-errors/-/es-errors-1.3.0.tgz. Extracting by manifest.
469 silly tarball no local data for side-channel@https://registry.npmjs.org/side-channel/-/side-channel-1.1.0.tgz. Extracting by manifest.
470 silly tarball no local data for mime@https://registry.npmjs.org/mime/-/mime-1.6.0.tgz. Extracting by manifest.
471 silly tarball no local data for ipaddr.js@https://registry.npmjs.org/ipaddr.js/-/ipaddr.js-1.9.1.tgz. Extracting by manifest.
472 silly tarball no local data for ee-first@https://registry.npmjs.org/ee-first/-/ee-first-1.1.1.tgz. Extracting by manifest.
473 silly tarball no local data for forwarded@https://registry.npmjs.org/forwarded/-/forwarded-0.2.0.tgz. Extracting by manifest.
474 silly tarball no local data for mime-db@https://registry.npmjs.org/mime-db/-/mime-db-1.52.0.tgz. Extracting by manifest.
475 silly tarball no local data for safer-buffer@https://registry.npmjs.org/safer-buffer/-/safer-buffer-2.1.2.tgz. Extracting by manifest.
476 silly tarball no local data for toidentifier@https://registry.npmjs.org/toidentifier/-/toidentifier-1.0.1.tgz. Extracting by manifest.
477 silly tarball no local data for inherits@https://registry.npmjs.org/inherits/-/inherits-2.0.4.tgz. Extracting by manifest.
478 silly tarball no local data for ms@https://registry.npmjs.org/ms/-/ms-2.0.0.tgz. Extracting by manifest.
479 silly tarball no local data for raw-body@https://registry.npmjs.org/raw-body/-/raw-body-2.5.3.tgz. Extracting by manifest.
480 silly tarball no local data for unpipe@https://registry.npmjs.org/unpipe/-/unpipe-1.0.0.tgz. Extracting by manifest.
481 silly tarball no local data for iconv-lite@https://registry.npmjs.org/iconv-lite/-/iconv-lite-0.4.24.tgz. Extracting by manifest.
482 silly tarball no local data for bytes@https://registry.npmjs.org/bytes/-/bytes-3.1.2.tgz. Extracting by manifest.
483 silly tarball no local data for destroy@https://registry.npmjs.org/destroy/-/destroy-1.2.0.tgz. Extracting by manifest.
484 silly tarball no local data for negotiator@https://registry.npmjs.org/negotiator/-/negotiator-0.6.3.tgz. Extracting by manifest.
485 silly tarball no local data for mime-types@https://registry.npmjs.org/mime-types/-/mime-types-2.1.35.tgz. Extracting by manifest.
486 silly tarball no local data for vary@https://registry.npmjs.org/vary/-/vary-1.1.2.tgz. Extracting by manifest.
487 silly tarball no local data for type-is@https://registry.npmjs.org/type-is/-/type-is-1.6.18.tgz. Extracting by manifest.
488 silly tarball no local data for utils-merge@https://registry.npmjs.org/utils-merge/-/utils-merge-1.0.1.tgz. Extracting by manifest.
489 silly tarball no local data for statuses@https://registry.npmjs.org/statuses/-/statuses-2.0.2.tgz. Extracting by manifest.
490 silly tarball no local data for serve-static@https://registry.npmjs.org/serve-static/-/serve-static-1.16.3.tgz. Extracting by manifest.
491 silly tarball no local data for setprototypeof@https://registry.npmjs.org/setprototypeof/-/setprototypeof-1.2.0.tgz. Extracting by manifest.
492 silly tarball no local data for send@https://registry.npmjs.org/send/-/send-0.19.2.tgz. Extracting by manifest.
493 silly tarball no local data for safe-buffer@https://registry.npmjs.org/safe-buffer/-/safe-buffer-5.2.1.tgz. Extracting by manifest.
494 silly tarball no local data for range-parser@https://registry.npmjs.org/range-parser/-/range-parser-1.2.1.tgz. Extracting by manifest.
495 silly tarball no local data for proxy-addr@https://registry.npmjs.org/proxy-addr/-/proxy-addr-2.0.7.tgz. Extracting by manifest.
496 silly tarball no local data for qs@https://registry.npmjs.org/qs/-/qs-6.14.1.tgz. Extracting by manifest.
497 silly tarball no local data for path-to-regexp@https://registry.npmjs.org/path-to-regexp/-/path-to-regexp-0.1.12.tgz. Extracting by manifest.
498 silly tarball no local data for parseurl@https://registry.npmjs.org/parseurl/-/parseurl-1.3.3.tgz. Extracting by manifest.
499 silly tarball no local data for on-finished@https://registry.npmjs.org/on-finished/-/on-finished-2.4.1.tgz. Extracting by manifest.
500 silly tarball no local data for methods@https://registry.npmjs.org/methods/-/methods-1.1.2.tgz. Extracting by manifest.
501 silly tarball no local data for merge-descriptors@https://registry.npmjs.org/merge-descriptors/-/merge-descriptors-1.0.3.tgz. Extracting by manifest.
502 silly tarball no local data for http-errors@https://registry.npmjs.org/http-errors/-/http-errors-2.0.1.tgz. Extracting by manifest.
503 silly tarball no local data for fresh@https://registry.npmjs.org/fresh/-/fresh-0.5.2.tgz. Extracting by manifest.
504 silly tarball no local data for finalhandler@https://registry.npmjs.org/finalhandler/-/finalhandler-1.3.2.tgz. Extracting by manifest.
505 silly tarball no local data for etag@https://registry.npmjs.org/etag/-/etag-1.8.1.tgz. Extracting by manifest.
506 silly tarball no local data for encodeurl@https://registry.npmjs.org/encodeurl/-/encodeurl-2.0.0.tgz. Extracting by manifest.
507 silly tarball no local data for escape-html@https://registry.npmjs.org/escape-html/-/escape-html-1.0.3.tgz. Extracting by manifest.
508 silly tarball no local data for depd@https://registry.npmjs.org/depd/-/depd-2.0.0.tgz. Extracting by manifest.
509 silly tarball no local data for cookie-signature@https://registry.npmjs.org/cookie-signature/-/cookie-signature-1.0.7.tgz. Extracting by manifest.
510 silly tarball no local data for debug@https://registry.npmjs.org/debug/-/debug-2.6.9.tgz. Extracting by manifest.
511 silly tarball no local data for cookie@https://registry.npmjs.org/cookie/-/cookie-0.7.2.tgz. Extracting by manifest.
512 silly tarball no local data for content-type@https://registry.npmjs.org/content-type/-/content-type-1.0.5.tgz. Extracting by manifest.
513 silly tarball no local data for content-disposition@https://registry.npmjs.org/content-disposition/-/content-disposition-0.5.4.tgz. Extracting by manifest.
514 silly tarball no local data for body-parser@https://registry.npmjs.org/body-parser/-/body-parser-1.20.4.tgz. Extracting by manifest.
515 silly tarball no local data for array-flatten@https://registry.npmjs.org/array-flatten/-/array-flatten-1.1.1.tgz. Extracting by manifest.
516 silly tarball no local data for accepts@https://registry.npmjs.org/accepts/-/accepts-1.3.8.tgz. Extracting by manifest.
517 silly tarball no local data for express@https://registry.npmjs.org/express/-/express-4.22.1.tgz. Extracting by manifest.
518 silly tarball no local data for ms@https://registry.npmjs.org/ms/-/ms-2.1.3.tgz. Extracting by manifest.
519 http fetch POST 200 https://registry.npmjs.org/-/npm/v1/security/advisories/bulk 249ms
520 silly audit report {}
521 http fetch GET 200 https://registry.npmjs.org/get-proto/-/get-proto-1.0.1.tgz 312ms (cache miss)
522 http fetch GET 200 https://registry.npmjs.org/media-typer/-/media-typer-0.3.0.tgz 324ms (cache miss)
523 http fetch GET 200 https://registry.npmjs.org/side-channel-list/-/side-channel-list-1.0.0.tgz 436ms (cache miss)
524 http fetch GET 200 https://registry.npmjs.org/dunder-proto/-/dunder-proto-1.0.1.tgz 596ms (cache miss)
525 http fetch GET 200 https://registry.npmjs.org/ee-first/-/ee-first-1.1.1.tgz 616ms (cache miss)
526 http fetch GET 200 https://registry.npmjs.org/has-symbols/-/has-symbols-1.1.0.tgz 631ms (cache miss)
527 http fetch GET 200 https://registry.npmjs.org/function-bind/-/function-bind-1.1.2.tgz 630ms (cache miss)
528 http fetch GET 200 https://registry.npmjs.org/gopd/-/gopd-1.2.0.tgz 640ms (cache miss)
529 http fetch GET 200 https://registry.npmjs.org/hasown/-/hasown-2.0.2.tgz 641ms (cache miss)
530 http fetch GET 200 https://registry.npmjs.org/side-channel-map/-/side-channel-map-1.0.1.tgz 636ms (cache miss)
531 http fetch GET 200 https://registry.npmjs.org/call-bound/-/call-bound-1.0.4.tgz 650ms (cache miss)
532 http fetch GET 200 https://registry.npmjs.org/forwarded/-/forwarded-0.2.0.tgz 646ms (cache miss)
533 http fetch GET 200 https://registry.npmjs.org/get-intrinsic/-/get-intrinsic-1.3.0.tgz 654ms (cache miss)
534 http fetch GET 200 https://registry.npmjs.org/call-bind-apply-helpers/-/call-bind-apply-helpers-1.0.2.tgz 660ms (cache miss)
535 http fetch GET 200 https://registry.npmjs.org/inherits/-/inherits-2.0.4.tgz 655ms (cache miss)
536 http fetch GET 200 https://registry.npmjs.org/toidentifier/-/toidentifier-1.0.1.tgz 657ms (cache miss)
537 http fetch GET 200 https://registry.npmjs.org/utils-merge/-/utils-merge-1.0.1.tgz 653ms (cache miss)
538 http fetch GET 200 https://registry.npmjs.org/es-define-property/-/es-define-property-1.0.1.tgz 668ms (cache miss)
539 http fetch GET 200 https://registry.npmjs.org/destroy/-/destroy-1.2.0.tgz 659ms (cache miss)
540 http fetch GET 200 https://registry.npmjs.org/mime-db/-/mime-db-1.52.0.tgz 663ms (cache miss)
541 http fetch GET 200 https://registry.npmjs.org/es-errors/-/es-errors-1.3.0.tgz 670ms (cache miss)
542 http fetch GET 200 https://registry.npmjs.org/ms/-/ms-2.0.0.tgz 668ms (cache miss)
543 http fetch GET 200 https://registry.npmjs.org/unpipe/-/unpipe-1.0.0.tgz 668ms (cache miss)
544 http fetch GET 200 https://registry.npmjs.org/side-channel-weakmap/-/side-channel-weakmap-1.0.2.tgz 687ms (cache miss)
545 http fetch GET 200 https://registry.npmjs.org/raw-body/-/raw-body-2.5.3.tgz 683ms (cache miss)
546 http fetch GET 200 https://registry.npmjs.org/setprototypeof/-/setprototypeof-1.2.0.tgz 679ms (cache miss)
547 http fetch GET 200 https://registry.npmjs.org/type-is/-/type-is-1.6.18.tgz 681ms (cache miss)
548 http fetch GET 200 https://registry.npmjs.org/bytes/-/bytes-3.1.2.tgz 685ms (cache miss)
549 http fetch GET 200 https://registry.npmjs.org/ipaddr.js/-/ipaddr.js-1.9.1.tgz 690ms (cache miss)
550 http fetch GET 200 https://registry.npmjs.org/side-channel/-/side-channel-1.1.0.tgz 692ms (cache miss)
551 http fetch GET 200 https://registry.npmjs.org/safer-buffer/-/safer-buffer-2.1.2.tgz 690ms (cache miss)
552 http fetch GET 200 https://registry.npmjs.org/cookie-signature/-/cookie-signature-1.0.7.tgz 680ms (cache miss)
553 http fetch GET 200 https://registry.npmjs.org/methods/-/methods-1.1.2.tgz 684ms (cache miss)
554 http fetch GET 200 https://registry.npmjs.org/merge-descriptors/-/merge-descriptors-1.0.3.tgz 684ms (cache miss)
555 http fetch GET 200 https://registry.npmjs.org/path-to-regexp/-/path-to-regexp-0.1.12.tgz 685ms (cache miss)
556 http fetch GET 200 https://registry.npmjs.org/es-object-atoms/-/es-object-atoms-1.1.1.tgz 702ms (cache miss)
557 http fetch GET 200 https://registry.npmjs.org/statuses/-/statuses-2.0.2.tgz 691ms (cache miss)
558 http fetch GET 200 https://registry.npmjs.org/vary/-/vary-1.1.2.tgz 691ms (cache miss)
559 http fetch GET 200 https://registry.npmjs.org/mime-types/-/mime-types-2.1.35.tgz 693ms (cache miss)
560 http fetch GET 200 https://registry.npmjs.org/range-parser/-/range-parser-1.2.1.tgz 690ms (cache miss)
561 http fetch GET 200 https://registry.npmjs.org/on-finished/-/on-finished-2.4.1.tgz 689ms (cache miss)
562 http fetch GET 200 https://registry.npmjs.org/escape-html/-/escape-html-1.0.3.tgz 687ms (cache miss)
563 http fetch GET 200 https://registry.npmjs.org/parseurl/-/parseurl-1.3.3.tgz 691ms (cache miss)
564 http fetch GET 200 https://registry.npmjs.org/math-intrinsics/-/math-intrinsics-1.1.0.tgz 708ms (cache miss)
565 http fetch GET 200 https://registry.npmjs.org/fresh/-/fresh-0.5.2.tgz 690ms (cache miss)
566 http fetch GET 200 https://registry.npmjs.org/accepts/-/accepts-1.3.8.tgz 687ms (cache miss)
567 http fetch GET 200 https://registry.npmjs.org/array-flatten/-/array-flatten-1.1.1.tgz 688ms (cache miss)
568 http fetch GET 200 https://registry.npmjs.org/negotiator/-/negotiator-0.6.3.tgz 697ms (cache miss)
569 http fetch GET 200 https://registry.npmjs.org/encodeurl/-/encodeurl-2.0.0.tgz 691ms (cache miss)
570 http fetch GET 200 https://registry.npmjs.org/proxy-addr/-/proxy-addr-2.0.7.tgz 695ms (cache miss)
571 http fetch GET 200 https://registry.npmjs.org/mime/-/mime-1.6.0.tgz 704ms (cache miss)
572 http fetch GET 200 https://registry.npmjs.org/http-errors/-/http-errors-2.0.1.tgz 693ms (cache miss)
573 http fetch GET 200 https://registry.npmjs.org/content-type/-/content-type-1.0.5.tgz 692ms (cache miss)
574 http fetch GET 200 https://registry.npmjs.org/serve-static/-/serve-static-1.16.3.tgz 698ms (cache miss)
575 http fetch GET 200 https://registry.npmjs.org/etag/-/etag-1.8.1.tgz 695ms (cache miss)
576 http fetch GET 200 https://registry.npmjs.org/safe-buffer/-/safe-buffer-5.2.1.tgz 699ms (cache miss)
577 http fetch GET 200 https://registry.npmjs.org/send/-/send-0.19.2.tgz 702ms (cache miss)
578 http fetch GET 200 https://registry.npmjs.org/content-disposition/-/content-disposition-0.5.4.tgz 697ms (cache miss)
579 http fetch GET 200 https://registry.npmjs.org/cookie/-/cookie-0.7.2.tgz 699ms (cache miss)
580 http fetch GET 200 https://registry.npmjs.org/depd/-/depd-2.0.0.tgz 701ms (cache miss)
581 http fetch GET 200 https://registry.npmjs.org/ms/-/ms-2.1.3.tgz 699ms (cache miss)
582 http fetch GET 200 https://registry.npmjs.org/finalhandler/-/finalhandler-1.3.2.tgz 704ms (cache miss)
583 http fetch GET 200 https://registry.npmjs.org/debug/-/debug-2.6.9.tgz 714ms (cache miss)
584 http fetch GET 200 https://registry.npmjs.org/body-parser/-/body-parser-1.20.4.tgz 714ms (cache miss)
585 http fetch GET 200 https://registry.npmjs.org/object-inspect/-/object-inspect-1.13.4.tgz 735ms (cache miss)
586 http fetch GET 200 https://registry.npmjs.org/qs/-/qs-6.14.1.tgz 731ms (cache miss)
587 http fetch GET 200 https://registry.npmjs.org/express/-/express-4.22.1.tgz 734ms (cache miss)
588 http fetch GET 200 https://registry.npmjs.org/iconv-lite/-/iconv-lite-0.4.24.tgz 750ms (cache miss)
589 silly ADD node_modules/media-typer
590 silly ADD node_modules/dunder-proto
591 silly ADD node_modules/math-intrinsics
592 silly ADD node_modules/hasown
593 silly ADD node_modules/has-symbols
594 silly ADD node_modules/gopd
595 silly ADD node_modules/get-proto
596 silly ADD node_modules/es-object-atoms
597 silly ADD node_modules/es-define-property
598 silly ADD node_modules/function-bind
599 silly ADD node_modules/call-bind-apply-helpers
600 silly ADD node_modules/get-intrinsic
601 silly ADD node_modules/call-bound
602 silly ADD node_modules/side-channel-weakmap
603 silly ADD node_modules/side-channel-map
604 silly ADD node_modules/side-channel-list
605 silly ADD node_modules/object-inspect
606 silly ADD node_modules/es-errors
607 silly ADD node_modules/mime
608 silly ADD node_modules/side-channel
609 silly ADD node_modules/ipaddr.js
610 silly ADD node_modules/forwarded
611 silly ADD node_modules/ee-first
612 silly ADD node_modules/mime-db
613 silly ADD node_modules/safer-buffer
614 silly ADD node_modules/toidentifier
615 silly ADD node_modules/inherits
616 silly ADD node_modules/ms
617 silly ADD node_modules/unpipe
618 silly ADD node_modules/raw-body
619 silly ADD node_modules/iconv-lite
620 silly ADD node_modules/destroy
621 silly ADD node_modules/bytes
622 silly ADD node_modules/negotiator
623 silly ADD node_modules/mime-types
624 silly ADD node_modules/vary
625 silly ADD node_modules/utils-merge
626 silly ADD node_modules/type-is
627 silly ADD node_modules/statuses
628 silly ADD node_modules/setprototypeof
629 silly ADD node_modules/serve-static
630 silly ADD node_modules/send
631 silly ADD node_modules/send/node_modules/ms
632 silly ADD node_modules/safe-buffer
633 silly ADD node_modules/range-parser
634 silly ADD node_modules/qs
635 silly ADD node_modules/proxy-addr
636 silly ADD node_modules/path-to-regexp
637 silly ADD node_modules/parseurl
638 silly ADD node_modules/on-finished
639 silly ADD node_modules/methods
640 silly ADD node_modules/merge-descriptors
641 silly ADD node_modules/http-errors
642 silly ADD node_modules/fresh
643 silly ADD node_modules/finalhandler
644 silly ADD node_modules/etag
645 silly ADD node_modules/escape-html
646 silly ADD node_modules/encodeurl
647 silly ADD node_modules/depd
648 silly ADD node_modules/debug
649 silly ADD node_modules/cookie-signature
650 silly ADD node_modules/cookie
651 silly ADD node_modules/content-type
652 silly ADD node_modules/content-disposition
653 silly ADD node_modules/body-parser
654 silly ADD node_modules/array-flatten
655 silly ADD node_modules/accepts
656 silly ADD node_modules/express
657 verbose cwd /root
658 verbose os Linux 6.18.4-200.fc43.x86_64
659 verbose node v22.22.0
660 verbose npm  v10.9.4
661 verbose exit 0
662 info ok
